     1                                 %line 1+1 HelloWorld.asm
     2                                 
     3                                 
     4                                 
     5                                 
     6                                 
     7                                 [section .data]
     8 00000000 48656C6C6F20776F72-     msg dw "Hello world!",0xa,0xd
     9 00000000 6C64210A000D00     
    10                                  len equ $-msg
    11                                 
    12                                 [section .text]
    13                                 [global _start]
    14                                 
    15                                 _start:
    16 00000000 B804000000              mov eax,4
    17 00000005 BB01000000              mov ebx,1
    18 0000000A B9[00000000]            mov ecx,msg
    19 0000000F BA10000000              mov edx,len
    20 00000014 CD80                    int 0x80
    21                                 
    22 00000016 B801000000              mov eax,1
    23 0000001B BB00000000              mov ebx,0
    24 00000020 CD80                    int 0x80
