     1                                 %line 1+1 div.asm
     2                                 
     3                                 
     4                                 
     5                                 
     6                                 
     7                                 
     8                                 [section .data]
     9                                 
    10                                 
    11                                 
    12 00000000 0000000000000000       number1 dq 0
    13 00000008 0000000000000000       number2 dq 0
    14 00000010 0000000000000000       quot dq 0
    15 00000018 0000000000000000       nullIn dq 0
    16                                 
    17                                 
    18                                 
    19 00000020 0A000000000000000D-    newline dq 0xa,0xd
    20 00000020 00000000000000     
    21                                 
    22                                 [section .text]
    23                                 [global _start]
    24                                 
    25                                 _start:
    26                                 
    27                                 
    28                                 
    29 00000000 48C7C000000000          mov rax,0
    30 00000007 48C7C201000000          mov rdx,1
    31 0000000E 48C7C700000000          mov rdi,0
    32 00000015 48C7C6[00000000]        mov rsi,number1
    33 0000001C 0F05                    syscall
    34                                 
    35 0000001E 48C7C000000000          mov rax,0
    36 00000025 48C7C201000000          mov rdx,1
    37 0000002C 48C7C700000000          mov rdi,0
    38 00000033 48C7C6[00000000]        mov rsi,nullIn
    39 0000003A 0F05                    syscall
    40                                 
    41 0000003C 48C7C000000000          mov rax,0
    42 00000043 48C7C201000000          mov rdx,1
    43 0000004A 48C7C700000000          mov rdi,0
    44 00000051 48C7C6[00000000]        mov rsi,number2
    45 00000058 0F05                    syscall
    46                                 
    47 0000005A 48C7C000000000          mov rax,0
    48 00000061 48C7C201000000          mov rdx,1
    49 00000068 48C7C700000000          mov rdi,0
    50 0000006F 48C7C6[00000000]        mov rsi,nullIn
    51 00000076 0F05                    syscall
    52                                 
    53                                 
    54                                 
    55 00000078 66832C25[00000000]-     sub word [number1],48
    56 00000078 30                 
    57 00000081 48832C25[00000000]-     sub qword [number2],48
    58 00000081 30                 
    59                                 
    60 0000008A 488B0425[00000000]      mov rax,[number2]
    61 00000092 488B1C25[00000000]      mov rbx,[number1]
    62 0000009A 48C7C200000000          mov rdx,0
    63 000000A1 48F7F3                  div rbx
    64 000000A4 48890425[00000000]      mov [quot],rax
    65                                 
    66                                 
    67                                 
    68 000000AC 48830425[00000000]-     add qword [quot],48
    69 000000AC 30                 
    70                                 
    71                                 
    72                                 
    73 000000B5 48C7C001000000          mov rax,1
    74 000000BC 48C7C201000000          mov rdx,1
    75 000000C3 48C7C701000000          mov rdi,1
    76 000000CA 48C7C6[00000000]        mov rsi,quot
    77 000000D1 0F05                    syscall
    78                                 
    79                                 
    80                                 
    81 000000D3 48C7C001000000          mov rax,1
    82 000000DA 48C7C201000000          mov rdx,1
    83 000000E1 48C7C701000000          mov rdi,1
    84 000000E8 48C7C6[00000000]        mov rsi,newline
    85 000000EF 0F05                    syscall
    86                                 
    87                                 
    88                                 
    89 000000F1 48C7C03C000000          mov rax,60
    90 000000F8 48C7C700000000          mov rdi,0
    91 000000FF 0F05                    syscall
