     1                                 %line 1+1 task1.asm
     2                                 
     3                                 
     4                                 
     5                                 
     6                                 
     7                                 [section .data]
     8                                 
     9                                 
    10                                 
    11 00000000 0000000000000000       number1 dq 0
    12 00000008 0000000000000000       number2 dq 0
    13 00000010 0400000000000000       sum dq 4
    14                                 
    15                                 
    16                                 
    17 00000018 0A000000000000000D-    newline dq 0xa,0xd
    18 00000018 00000000000000     
    19                                 
    20                                 [section .text]
    21                                 [global _start]
    22                                 
    23                                 _start:
    24                                 
    25                                 
    26                                 
    27 00000000 48C7C000000000          mov rax,0
    28 00000007 48C7C202000000          mov rdx,2
    29 0000000E 48C7C700000000          mov rdi,0
    30 00000015 48C7C6[00000000]        mov rsi,number1
    31 0000001C 0F05                    syscall
    32                                 
    33 0000001E 48C7C000000000          mov rax,0
    34 00000025 48C7C202000000          mov rdx,2
    35 0000002C 48C7C700000000          mov rdi,0
    36 00000033 48C7C6[00000000]        mov rsi,number2
    37 0000003A 0F05                    syscall
    38                                 
    39                                 
    40                                 
    41 0000003C 48832C25[00000000]-     sub qword [number1],48
    42 0000003C 30                 
    43 00000045 48832C25[00000000]-     sub qword [number2],48
    44 00000045 30                 
    45                                 
    46                                 
    47                                 
    48 0000004E 4C030425[00000000]      add r8,[number1]
    49 00000056 4C030425[00000000]      add r8,[number2]
    50 0000005E 4C010425[00000000]      add [sum],r8
    51                                 
    52                                 
    53                                 
    54 00000066 48830425[00000000]-     add qword [sum],48
    55 00000066 30                 
    56                                 
    57                                 
    58                                 
    59 0000006F 48C7C001000000          mov rax,1
    60 00000076 48C7C201000000          mov rdx,1
    61 0000007D 48C7C701000000          mov rdi,1
    62 00000084 48C7C6[00000000]        mov rsi,sum
    63 0000008B 0F05                    syscall
    64                                 
    65                                 
    66                                 
    67 0000008D 48C7C001000000          mov rax,1
    68 00000094 48C7C201000000          mov rdx,1
    69 0000009B 48C7C701000000          mov rdi,1
    70 000000A2 48C7C6[00000000]        mov rsi,newline
    71 000000A9 0F05                    syscall
    72                                 
    73                                 
    74                                 
    75 000000AB 48C7C03C000000          mov rax,60
    76 000000B2 48C7C700000000          mov rdi,0
    77 000000B9 0F05                    syscall
