     1                                 %line 1+1 task2.asm
     2                                 
     3                                 
     4                                 
     5                                 
     6                                 
     7                                 
     8                                 [section .data]
     9                                 
    10                                 
    11                                 
    12 00000000 0000000000000000       number1 dq 0
    13 00000008 0000000000000000       number2 dq 0
    14 00000010 0000000000000000       diff dq 0
    15                                 
    16                                 
    17                                 
    18 00000018 0A000000000000000D-    newline dq 0xa,0xd
    19 00000018 00000000000000     
    20                                 
    21                                 [section .text]
    22                                 [global _start]
    23                                 
    24                                 _start:
    25                                 
    26                                 
    27                                 
    28 00000000 48C7C000000000          mov rax,0
    29 00000007 48C7C202000000          mov rdx,2
    30 0000000E 48C7C700000000          mov rdi,0
    31 00000015 48C7C6[00000000]        mov rsi,number1
    32 0000001C 0F05                    syscall
    33                                 
    34 0000001E 48C7C000000000          mov rax,0
    35 00000025 48C7C202000000          mov rdx,2
    36 0000002C 48C7C700000000          mov rdi,0
    37 00000033 48C7C6[00000000]        mov rsi,number2
    38 0000003A 0F05                    syscall
    39                                 
    40                                 
    41                                 
    42 0000003C 48832C25[00000000]-     sub qword [number1],48
    43 0000003C 30                 
    44 00000045 48832C25[00000000]-     sub qword [number2],48
    45 00000045 30                 
    46                                 
    47                                 
    48                                 
    49 0000004E 4C030425[00000000]      add r8,[number1]
    50 00000056 4C2B0425[00000000]      sub r8,[number2]
    51 0000005E 4C010425[00000000]      add [diff],r8
    52                                 
    53                                 
    54                                 
    55 00000066 48830425[00000000]-     add qword [diff],48
    56 00000066 30                 
    57                                 
    58                                 
    59                                 
    60 0000006F 48C7C001000000          mov rax,1
    61 00000076 48C7C201000000          mov rdx,1
    62 0000007D 48C7C701000000          mov rdi,1
    63 00000084 48C7C6[00000000]        mov rsi,diff
    64 0000008B 0F05                    syscall
    65                                 
    66                                 
    67                                 
    68 0000008D 48C7C001000000          mov rax,1
    69 00000094 48C7C201000000          mov rdx,1
    70 0000009B 48C7C701000000          mov rdi,1
    71 000000A2 48C7C6[00000000]        mov rsi,newline
    72 000000A9 0F05                    syscall
    73                                 
    74                                 
    75                                 
    76 000000AB 48C7C03C000000          mov rax,60
    77 000000B2 48C7C700000000          mov rdi,0
    78 000000B9 0F05                    syscall
