     1                                 %line 1+1 task1.asm
     2                                 [section .data]
     3                                 
     4 00000000 0000000000000000       input dq 0
     5 00000008 0A                     newline db 0xa
     6                                 
     7                                 [section .text]
     8                                 [global _start]
     9                                 
    10                                 _start:
    11                                 
    12 00000000 48C7C000000000          mov rax,0
    13 00000007 48C7C700000000          mov rdi,0
    14 0000000E 48C7C20C000000          mov rdx,12
    15 00000015 48C7C6[00000000]        mov rsi,input
    16 0000001C 0F05                    syscall
    17                                 
    18 0000001E 48C7C001000000          mov rax,1
    19 00000025 48C7C701000000          mov rdi,1
    20 0000002C 48C7C20C000000          mov rdx,12
    21 00000033 48C7C6[00000000]        mov rsi,input
    22 0000003A 0F05                    syscall
    23                                 
    24 0000003C 48C7C03C000000          mov rax,60
    25 00000043 48C7C700000000          mov rdi,0
    26 0000004A 0F05                    syscall
