     1                                 %line 1+1 task1.asm
     2                                 
     3                                 
     4                                 
     5                                 
     6                                 [section .data]
     7                                 
     8 00000000 0000000000000000        input dq 0
     9 00000008 0000000000000000        nullInput dq 0
    10 00000010 2700000000000000        asciiOffset dq 39
    11 00000018 0A00000000000000        newline dq 0xa
    12                                 
    13                                 [section .text]
    14                                 [global _start]
    15                                 
    16                                 _start:
    17                                 
    18 00000000 48C7C000000000          mov rax,0
    19 00000007 48C7C700000000          mov rdi,0
    20 0000000E 48C7C201000000          mov rdx,1
    21 00000015 48C7C6[00000000]        mov rsi,input
    22 0000001C 0F05                    syscall
    23                                 
    24 0000001E 48C7C000000000          mov rax,0
    25 00000025 48C7C700000000          mov rdi,0
    26 0000002C 48C7C201000000          mov rdx,1
    27 00000033 48C7C6[00000000]        mov rsi,nullInput
    28 0000003A 0F05                    syscall
    29                                 
    30 0000003C 49C7C200000000          mov r10,0
    31 00000043 4C8B0425[00000000]      mov r8,[input]
    32                                 
    33                                 count:
    34 0000004B 49C7C100000000          mov r9,0
    35 00000052 4C8B0425[00000000]      mov r8,[input]
    36 0000005A 4983F83A                cmp r8,58
    37 0000005E 4C0F440C25[00000000]      cmovz r9,[asciiOffset]
    38 00000067 4C010C25[00000000]      add qword [input],r9
    39                                 
    40 0000006F 48C7C001000000          mov rax,1
    41 00000076 48C7C201000000          mov rdx,1
    42 0000007D 48C7C701000000          mov rdi,1
    43 00000084 48C7C6[00000000]        mov rsi,input
    44 0000008B 0F05                    syscall
    45                                 
    46 0000008D 48FF0425[00000000]      inc qword [input]
    47 00000095 4983F87A                cmp r8,122
    48 00000099 7407                    je exit
    49                                 
    50 0000009B 49FFC2                  inc r10
    51 0000009E 4983FA0C                cmp r10,12
    52 000000A2 75A5                    jne count
    53                                 
    54                                 exit:
    55 000000A4 48C7C001000000          mov rax,1
    56 000000AB 48C7C201000000          mov rdx,1
    57 000000B2 48C7C701000000          mov rdi,1
    58 000000B9 48C7C6[00000000]        mov rsi,newline
    59 000000C0 0F05                    syscall
    60                                 
    61 000000C2 48C7C03C000000          mov rax,60
    62 000000C9 48C7C700000000          mov rdi,0
    63 000000D0 0F05                    syscall
