     1                                 %line 1+1 task3.asm
     2                                 
     3                                 
     4                                 
     5                                 
     6                                 
     7                                 
     8                                 [section .data]
     9                                 
    10                                 
    11                                 
    12 00000000 0000000000000000       number1 dq 0
    13 00000008 0000000000000000       number2 dq 0
    14 00000010 0000000000000000       quot dq 0
    15                                 
    16                                 
    17                                 
    18 00000018 0A000000000000000D-    newline dq 0xa,0xd
    19 00000018 00000000000000     
    20                                 
    21                                 [section .text]
    22                                 [global _start]
    23                                 
    24                                 _start:
    25                                 
    26                                 
    27                                 
    28 00000000 48C7C000000000          mov rax,0
    29 00000007 48C7C202000000          mov rdx,2
    30 0000000E 48C7C700000000          mov rdi,0
    31 00000015 48C7C6[00000000]        mov rsi,number1
    32 0000001C 0F05                    syscall
    33                                 
    34 0000001E 48C7C000000000          mov rax,0
    35 00000025 48C7C202000000          mov rdx,2
    36 0000002C 48C7C700000000          mov rdi,0
    37 00000033 48C7C6[00000000]        mov rsi,number2
    38 0000003A 0F05                    syscall
    39                                 
    40                                 
    41                                 
    42 0000003C 48832C25[00000000]-     sub qword [number1],48
    43 0000003C 30                 
    44 00000045 48832C25[00000000]-     sub qword [number2],48
    45 00000045 30                 
    46                                 
    47                                 
    48                                 
    49 0000004E 488B0425[00000000]      mov rax,[number1]
    50 00000056 48F72C25[00000000]      imul qword [number2]
    51 0000005E 4883C003                add rax,3
    52 00000062 48890425[00000000]      mov [quot],rax
    53                                 
    54                                 
    55                                 
    56 0000006A 48830425[00000000]-     add qword [quot],48
    57 0000006A 30                 
    58                                 
    59                                 
    60                                 
    61 00000073 48C7C001000000          mov rax,1
    62 0000007A 48C7C201000000          mov rdx,1
    63 00000081 48C7C701000000          mov rdi,1
    64 00000088 48C7C6[00000000]        mov rsi,quot
    65 0000008F 0F05                    syscall
    66                                 
    67                                 
    68                                 
    69 00000091 48C7C001000000          mov rax,1
    70 00000098 48C7C201000000          mov rdx,1
    71 0000009F 48C7C701000000          mov rdi,1
    72 000000A6 48C7C6[00000000]        mov rsi,newline
    73 000000AD 0F05                    syscall
    74                                 
    75                                 
    76                                 
    77 000000AF 48C7C03C000000          mov rax,60
    78 000000B6 48C7C700000000          mov rdi,0
    79 000000BD 0F05                    syscall
