     1                                 %line 1+1 shout.asm
     2                                 
     3                                 
     4                                 [segment .data]
     5                                 
     6 00000000 48656C6C6F20776F72-    message db "Hello world!",0
     7 00000000 6C642100           
     8 0000000D 0A0D                   newline db 0xa,0xd
     9                                 
    10                                 [segment .text]
    11                                 [global _start]
    12                                 
    13                                 _start:
    14 00000000 B804000000              mov eax,4
    15 00000005 BB01000000              mov ebx,1
    16 0000000A B9[00000000]            mov ecx,message
    17 0000000F BA0C000000              mov edx,12
    18 00000014 CD80                    int 0x80
    19                                 
    20 00000016 B804000000              mov eax,4
    21 0000001B BB01000000              mov ebx,1
    22 00000020 B9[00000000]            mov ecx,newline
    23 00000025 BA02000000              mov edx,2
    24 0000002A CD80                    int 0x80
    25                                 
    26 0000002C B801000000              mov eax,1
    27 00000031 BB00000000              mov ebx,0
    28 00000036 CD80                    int 0x80
